<?xml version="1.0" encoding="UTF-8"?>
<!-- Generated by org.testng.reporters.JUnitReportReporter -->
<testsuite skipped="0" hostname="DESKTOP-69OQC4Q" name="com.aspire.framework.pomPagefactoryDatadrivenTestNG.LoginTestClass" tests="2" failures="0" timestamp="2022-03-03T07:22:56 IST" time="3.885" errors="0">
  <testcase name="verificationOfLogo" time="0.650" classname="com.aspire.framework.pomPagefactoryDatadrivenTestNG.LoginTestClass"/>
  <system-out/>
  <testcase name="verificationOfInitials" time="3.235" classname="com.aspire.framework.pomPagefactoryDatadrivenTestNG.LoginTestClass"/>
  <system-out/>
</testsuite> <!-- com.aspire.framework.pomPagefactoryDatadrivenTestNG.LoginTestClass -->
