<?xml version="1.0" encoding="UTF-8"?>
<!-- Generated by org.testng.reporters.JUnitReportReporter -->
<testsuite skipped="1" hostname="DESKTOP-69OQC4Q" name="com.aspire.framework.testNG.SkipTC" tests="2" failures="0" timestamp="2022-02-25T07:41:39 IST" time="0.040" errors="0">
  <testcase name="m4" time="0.040" classname="com.aspire.framework.testNG.SkipTC"/>
  <system-out>
    <![CDATA[4]]>
  </system-out>
  <testcase name="m2" classname="com.aspire.framework.testNG.SkipTC">
    <skipped/>
  </testcase> <!-- m2 -->
  <system-out/>
</testsuite> <!-- com.aspire.framework.testNG.SkipTC -->
