<?xml version="1.0" encoding="UTF-8"?>
<!-- Generated by org.testng.reporters.JUnitReportReporter -->
<testsuite skipped="0" hostname="DESKTOP-69OQC4Q" name="com.aspire.framework.pomPagefactoryDatadrivenTestNGBaseUtility.LoginTestClass" tests="2" failures="0" timestamp="2022-03-04T07:48:19 IST" time="9.913" errors="0">
  <testcase name="verificationOfLogo" time="0.314" classname="com.aspire.framework.pomPagefactoryDatadrivenTestNGBaseUtility.LoginTestClass"/>
  <system-out/>
  <testcase name="verificationOfInitials" time="9.599" classname="com.aspire.framework.pomPagefactoryDatadrivenTestNGBaseUtility.LoginTestClass"/>
  <system-out/>
</testsuite> <!-- com.aspire.framework.pomPagefactoryDatadrivenTestNGBaseUtility.LoginTestClass -->
