<?xml version="1.0" encoding="UTF-8"?>
<!-- Generated by org.testng.reporters.JUnitReportReporter -->
<testsuite skipped="0" hostname="DESKTOP-69OQC4Q" name="com.aspire.framework.parallelCompatible.Browser2" tests="1" failures="0" timestamp="2022-02-28T07:34:48 IST" time="23.986" errors="0">
  <testcase name="chromeBroswer" time="23.986" classname="com.aspire.framework.parallelCompatible.Browser2"/>
  <system-out/>
</testsuite> <!-- com.aspire.framework.parallelCompatible.Browser2 -->
