<?xml version="1.0" encoding="UTF-8"?>
<!-- Generated by org.testng.reporters.JUnitReportReporter -->
<testsuite skipped="0" hostname="DESKTOP-69OQC4Q" name="com.aspire.framework.testNG.Grouping" tests="7" failures="0" timestamp="2022-02-25T07:59:35 IST" time="0.107" errors="0">
  <testcase name="m8" time="0.004" classname="com.aspire.framework.testNG.Grouping"/>
  <system-out>
    <![CDATA[8]]>
  </system-out>
  <testcase name="m4" time="0.017" classname="com.aspire.framework.testNG.Grouping"/>
  <system-out>
    <![CDATA[4]]>
  </system-out>
  <testcase name="m7" time="0.003" classname="com.aspire.framework.testNG.Grouping"/>
  <system-out>
    <![CDATA[7]]>
  </system-out>
  <testcase name="m6" time="0.008" classname="com.aspire.framework.testNG.Grouping"/>
  <system-out>
    <![CDATA[6]]>
  </system-out>
  <testcase name="m2" time="0.039" classname="com.aspire.framework.testNG.Grouping"/>
  <system-out>
    <![CDATA[2]]>
  </system-out>
  <testcase name="m5" time="0.029" classname="com.aspire.framework.testNG.Grouping"/>
  <system-out>
    <![CDATA[5]]>
  </system-out>
  <testcase name="m3" time="0.007" classname="com.aspire.framework.testNG.Grouping"/>
  <system-out>
    <![CDATA[3]]>
  </system-out>
</testsuite> <!-- com.aspire.framework.testNG.Grouping -->
