<?xml version="1.0" encoding="UTF-8"?>
<!-- Generated by org.testng.reporters.JUnitReportReporter -->
<testsuite skipped="0" hostname="DESKTOP-69OQC4Q" name="com.aspire.framework.testNG.Annotations2" tests="3" failures="0" timestamp="2022-02-22T21:12:18 IST" time="0.051" errors="0">
  <testcase name="m1" time="0.004" classname="com.aspire.framework.testNG.Annotations2"/>
  <system-out>
    <![CDATA[1]]>
  </system-out>
  <testcase name="m2" time="0.011" classname="com.aspire.framework.testNG.Annotations2"/>
  <system-out>
    <![CDATA[2]]>
  </system-out>
  <testcase name="m2" time="0.036" classname="com.aspire.framework.testNG.Annotations2"/>
  <system-out>
    <![CDATA[2]]>
  </system-out>
</testsuite> <!-- com.aspire.framework.testNG.Annotations2 -->
