<?xml version="1.0" encoding="UTF-8"?>
<!-- Generated by org.testng.reporters.JUnitReportReporter -->
<testsuite skipped="0" hostname="DESKTOP-69OQC4Q" name="com.aspire.framework.pomPagefactoryDatadrivenTestNGBaseUtilityListenerProperty.LoginTestClass" tests="2" failures="0" timestamp="2022-03-05T08:12:24 IST" time="6.186" errors="0">
  <testcase name="verificationOfInitials" time="4.901" classname="com.aspire.framework.pomPagefactoryDatadrivenTestNGBaseUtilityListenerProperty.LoginTestClass"/>
  <system-out/>
  <testcase name="verificationOfLogo" time="1.285" classname="com.aspire.framework.pomPagefactoryDatadrivenTestNGBaseUtilityListenerProperty.LoginTestClass"/>
  <system-out/>
</testsuite> <!-- com.aspire.framework.pomPagefactoryDatadrivenTestNGBaseUtilityListenerProperty.LoginTestClass -->
