<?xml version="1.0" encoding="UTF-8"?>
<!-- Generated by org.testng.reporters.JUnitReportReporter -->
<testsuite skipped="0" hostname="DESKTOP-69OQC4Q" name="com.aspire.framework.testNG.Demo" tests="1" failures="0" timestamp="2022-02-21T20:36:51 IST" time="0.124" errors="0">
  <testcase name="method1" time="0.124" classname="com.aspire.framework.testNG.Demo"/>
  <system-out>
    <![CDATA[Hello, Aspirant Oct21 Batch]]>
  </system-out>
</testsuite> <!-- com.aspire.framework.testNG.Demo -->
