<?xml version="1.0" encoding="UTF-8"?>
<!-- Generated by org.testng.reporters.JUnitReportReporter -->
<testsuite skipped="0" hostname="DESKTOP-69OQC4Q" name="com.aspire.framework.testNG.Annotation1" tests="3" failures="0" timestamp="2022-02-22T21:12:18 IST" time="0.035" errors="0">
  <testcase name="EnterPassword" time="0.021" classname="com.aspire.framework.testNG.Annotation1"/>
  <system-out>
    <![CDATA[Enter Pwd successful]]>
  </system-out>
  <testcase name="Loginbtn" time="0.008" classname="com.aspire.framework.testNG.Annotation1"/>
  <system-out>
    <![CDATA[Click on Login Button successful]]>
  </system-out>
  <testcase name="verifyUser" time="0.006" classname="com.aspire.framework.testNG.Annotation1"/>
  <system-out>
    <![CDATA[User name verified from account successful]]>
  </system-out>
</testsuite> <!-- com.aspire.framework.testNG.Annotation1 -->
