<?xml version="1.0" encoding="UTF-8"?>
<!-- Generated by org.testng.reporters.JUnitReportReporter -->
<testsuite skipped="0" hostname="DESKTOP-69OQC4Q" name="com.aspire.framework.testNG.SoftAssert2" tests="1" failures="0" timestamp="2022-02-24T07:59:18 IST" time="0.076" errors="0">
  <testcase name="Soft_Assert" time="0.076" classname="com.aspire.framework.testNG.SoftAssert2"/>
  <system-out/>
</testsuite> <!-- com.aspire.framework.testNG.SoftAssert2 -->
